1454034710--Module always false 01--RQAAOYxgQABABs+YwKgKCgoKCgrS0CcPBYVLhBMIVqqAGAHJHWwAAAEBCAoAAh86AAHJ8Wh1aHUK
1454034710--Module always false 01--RQAANOANQABABjKOCgoKFAoKCgEnD9LQEwhWqgWFS4mAEAHFakMAAAEBCAoAAg6uAAIfOg==
1454034711--Module always false 01--RQAAO4xhQABABs+VwKgKCgoKCgrS0CcPBYVLiRMIVqqAGAHJb4QAAAEBCAoAAiAkAAIOrmhhaGFoYQo=
1454034711--Module always false 01--RQAANOAOQABABjKNCgoKFAoKCgEnD9LQEwhWqgWFS5CAEAHFaGoAAAEBCAoAAg+WAAIgJA==
1454034712--Module always false 01--RQAAPIxiQABABs+TwKgKCgoKCgrS0CcPBYVLkBMIVqqAGAHJB14AAAEBCAoAAiE6AAIPlmVvb2VvZWUK
1454034712--Module always false 01--RQAANOAPQABABjKMCgoKFAoKCgEnD9LQEwhWqgWFS5iAEAHFZjQAAAEBCAoAAhCuAAIhOg==
1454034886--Module always false 01--RQAASdqFQAD/EfVvwKgKCuAAAPsU6RTpADVEbgAAAAAAAgAAAAAAAARfaXBwBF90Y3AFbG9jYWwAAAwAAQVfaXBwc8ARAAwAAQ==
1454034891--Module always false 01--RQAASY1qQAD/EfkyCgoKAeAAAPsU6RTpADX1TAAAAAAAAgAAAAAAAARfaXBwBF90Y3AFbG9jYWwAAAwAAQVfaXBwc8ARAAwAAQ==
1454034891--Module always false 01--RQAASSEDQAD/Ea77wKgKAeAAAPsU6RTpADWr6wAAAAAAAgAAAAAAAARfaXBwBF90Y3AFbG9jYWwAAAwAAQVfaXBwc8ARAAwAAQ==
1454034901--Module always false 01--RQAASc/oQAD/EbahCgoKFOAAAPsU6RTpADX7AgAAAAAAAgAAAAAAAARfaXBwBF90Y3AFbG9jYWwAAAwAAQVfaXBwc8ARAAwAAQ==
1454038108--Module always false 01--RQAARjnvQABAEQK2fwAAAX8AAAHblQA1ADKWTbRbAQAAAQAAAAAAAAIxMAIxMAIxMAIxMAdpbi1hZGRyBGFycGEAAAwAAQ==
1454038108--Module always false 01--RcAAYjSnAABAAUcyfwAAAX8AAAEDA/tCAAAAAEUAAEY570AAQBECtn8AAAF/AAAB25UANQAylk20WwEAAAEAAAAAAAACMTACMTACMTACMTAHaW4tYWRkcgRhcnBhAAAMAAE=
1454038108--Module always false 01--RQAARjnxQABAEQK0fwAAAX8AAAGYGgA1ADLZyLRbAQAAAQAAAAAAAAIxMAIxMAIxMAIxMAdpbi1hZGRyBGFycGEAAAwAAQ==
1454038108--Module always false 01--RcAAYjSoAABAAUcxfwAAAX8AAAEDA/tCAAAAAEUAAEY58UAAQBECtH8AAAF/AAABmBoANQAy2ci0WwEAAAEAAAAAAAACMTACMTACMTACMTAHaW4tYWRkcgRhcnBhAAAMAAE=
1454038108--Module always false 01--RQAARjnzQABAEQKyfwAAAX8AAAGqaQA1ADL8KX+qAQAAAQAAAAAAAAIyMAIxMAIxMAIxMAdpbi1hZGRyBGFycGEAAAwAAQ==
1454038108--Module always false 01--RcAAYjSpAABAAUcwfwAAAX8AAAEDA/tCAAAAAEUAAEY580AAQBECsn8AAAF/AAABqmkANQAy/Cl/qgEAAAEAAAAAAAACMjACMTACMTACMTAHaW4tYWRkcgRhcnBhAAAMAAE=
1454038108--Module always false 01--RQAARjn0QABAEQKxfwAAAX8AAAHIcgA1ADLeIH+qAQAAAQAAAAAAAAIyMAIxMAIxMAIxMAdpbi1hZGRyBGFycGEAAAwAAQ==
1454038108--Module always false 01--RcAAYjSqAABAAUcvfwAAAX8AAAEDA/tCAAAAAEUAAEY59EAAQBECsX8AAAF/AAAByHIANQAy3iB/qgEAAAEAAAAAAAACMjACMTACMTACMTAHaW4tYWRkcgRhcnBhAAAMAAE=
1454038117--Module always false 01--RQAAR0BwQABAEfwzfwAAAX8AAAGkjwA1ADNEIcuzAQAAAQAAAAAAAAExAjEwAzE2OAMxOTIHaW4tYWRkcgRhcnBhAAAMAAE=
1454038117--Module always false 01--RcAAYzoIAABAAUHQfwAAAX8AAAEDA/tDAAAAAEUAAEdAcEAAQBH8M38AAAF/AAABpI8ANQAzRCHLswEAAAEAAAAAAAABMQIxMAMxNjgDMTkyB2luLWFkZHIEYXJwYQAADAAB
1454038117--Module always false 01--RQAAR0BxQABAEfwyfwAAAX8AAAGtugA1ADM69suzAQAAAQAAAAAAAAExAjEwAzE2OAMxOTIHaW4tYWRkcgRhcnBhAAAMAAE=
1454038117--Module always false 01--RcAAYzoJAABAAUHPfwAAAX8AAAEDA/tDAAAAAEUAAEdAcUAAQBH8Mn8AAAF/AAABrboANQAzOvbLswEAAAEAAAAAAAABMQIxMAMxNjgDMTkyB2luLWFkZHIEYXJwYQAADAAB
1454038117--Module always false 01--RQAAR0ByQABAEfwxfwAAAX8AAAGh1AA1ADOcZXYqAQAAAQAAAAAAAAExAjEwAzE2OAMxOTIHaW4tYWRkcgRhcnBhAAAMAAE=
1454038117--Module always false 01--RcAAYzoKAABAAUHOfwAAAX8AAAEDA/tDAAAAAEUAAEdAckAAQBH8MX8AAAF/AAABodQANQAznGV2KgEAAAEAAAAAAAABMQIxMAMxNjgDMTkyB2luLWFkZHIEYXJwYQAADAAB
1454038117--Module always false 01--RQAAR0BzQABAEfwwfwAAAX8AAAHDzAA1ADN6bXYqAQAAAQAAAAAAAAExAjEwAzE2OAMxOTIHaW4tYWRkcgRhcnBhAAAMAAE=
1454038117--Module always false 01--RcAAYzoLAABAAUHNfwAAAX8AAAEDA/tDAAAAAEUAAEdAc0AAQBH8MH8AAAF/AAABw8wANQAzem12KgEAAAEAAAAAAAABMQIxMAMxNjgDMTkyB2luLWFkZHIEYXJwYQAADAAB
1454038289--Module always false--RQAAPKKEQABABrlxwKgKCgoKCgrS4icP9rxnhgAAAACgAnIQ2e4AAAIEBbQEAggKAATFAgAAAAABAwMG
1454038289--Module always false--RQAAPAAAQABABhKUCgoKFAoKCgEnD9Li2hdu9Pa8Z4egEnEgk+gAAAIEBbQEAggKAAS0cgAExQIBAwMG
1454038289--Module always false--RQAANKKFQABABrl4wKgKCgoKCgrS4icP9rxnh9oXbvWAEAHJe2kAAAEBCAoABMUGAAS0cg==
1454038292--Module always false--RQAAQaKGQABABrlqwKgKCgoKCgrS4icP9rxnh9oXbvWAGAHJDf0AAAEBCAoABMffAAS0cmFzZGZhc2Rmc2RhZgo=
1454038292--Module always false--RQAANNqAQABABjgbCgoKFAoKCgEnD9Li2hdu9fa8Z5SAEAHFLEgAAAEBCAoABLdPAATH3w==
1454038849--Module always false--RQAASXQuQAD/ERJmCgoKCuAAAPsU6RTpADX7DAAAAAAAAgAAAAAAAARfaXBwBF90Y3AFbG9jYWwAAAwAAQVfaXBwc8ARAAwAAQ==
1454047875--Module always false--RQAASWzDQAD/ERnHCgoKFOAAAPsU6RTpADX7AgAAAAAAAgAAAAAAAARfaXBwBF90Y3AFbG9jYWwAAAwAAQVfaXBwc8ARAAwAAQ==
1454047875--Module always false--RQAASdq6QAD/EfU6wKgKCuAAAPsU6RTpADVEbgAAAAAAAgAAAAAAAARfaXBwBF90Y3AFbG9jYWwAAAwAAQVfaXBwc8ARAAwAAQ==
1454051475--Module always false--RQAASZkOQAD/Ee2OCgoKAeAAAPsU6RTpADX1TAAAAAAAAgAAAAAAAARfaXBwBF90Y3AFbG9jYWwAAAwAAQVfaXBwc8ARAAwAAQ==
1454051475--Module always false--RQAASY/LQAD/EUAzwKgKAeAAAPsU6RTpADWr6wAAAAAAAgAAAAAAAARfaXBwBF90Y3AFbG9jYWwAAAwAAQVfaXBwc8ARAAwAAQ==
